// <autogenerated>
//   This file contains the list of files generated by Create05SourceCode.tt.
//   It is used by T4 Toolbox (http://www.codeplex.com/t4toolbox) to automatically delete
//   generated files that are no longer necessary. Do not modify this file manually. Manual
//   changes may cause orphaned files and will be lost next time the code is regenerated.
// </autogenerated>
..\..\03-GeneratedProjects\Atento.Suite.Shared.Domain\Persona\IPersona.cs
..\..\03-GeneratedProjects\Atento.Suite.Shared.Domain\Persona\IPersonaRepository.cs
..\..\03-GeneratedProjects\Atento.Suite.Shared.Domain\IoC\PerLifeTimeManager.cs
..\..\03-GeneratedProjects\Atento.Suite.Shared.Domain\Persona\Persona.cs
..\..\03-GeneratedProjects\Atento.Suite.Shared.Domain\Persona\PersonaSpecifications.cs
..\..\03-GeneratedProjects\Atento.Suite.Shared.Domain\Persona\PersonaFactory.cs
..\..\03-GeneratedProjects\Atento.Suite.Shared.Infrastructure.Resources\SharedNeutral.resx
..\..\03-GeneratedProjects\Atento.Suite.Shared.Infrastructure\Persona\PersonaRepository.cs
..\..\03-GeneratedProjects\Atento.Suite.Shared.Infrastructure\Persona\PersonaConfiguration.cs
..\..\03-GeneratedProjects\Atento.Suite.Shared.Infrastructure\SharedUoW.cs
..\..\03-GeneratedProjects\Atento.Suite.Shared.Infrastructure\App.config
..\..\03-GeneratedProjects\Atento.Suite.Shared.Application.Dtos\Persona\PersonaDto.cs
..\..\03-GeneratedProjects\Atento.Suite.Shared.Application\SharedEfApplicationServiceBase.cs
..\..\03-GeneratedProjects\Atento.Suite.Shared.Application\App.config
..\..\03-GeneratedProjects\Atento.Suite.Shared.Application\Persona\IPersonaMapper.cs
..\..\03-GeneratedProjects\Atento.Suite.Shared.Application\Persona\PersonaMapper.cs
..\..\03-GeneratedProjects\Atento.Suite.Shared.Application\Persona\IPersonaServices.cs
..\..\03-GeneratedProjects\Atento.Suite.Shared.Application\Persona\PersonaServices.cs
..\..\03-GeneratedProjects\Atento.Suite.Shared.Application.WcfService\Web.config
..\..\03-GeneratedProjects\Atento.Suite.Shared.Application.WcfService\Persona\IPersonaService.cs
..\..\03-GeneratedProjects\Atento.Suite.Shared.Application.WcfService\Persona\PersonaService.svc
..\..\03-GeneratedProjects\Atento.Suite.Shared.Application.WcfService\Persona\PersonaService.svc.cs
..\..\03-GeneratedProjects\Atento.Suite.Shared.FrontEnd.WpfStartUp\Bootstrapper.cs
..\..\03-GeneratedProjects\Atento.Suite.Shared.FrontEnd.WpfStartUp\App.xaml
..\..\03-GeneratedProjects\Atento.Suite.Shared.FrontEnd.WpfStartUp\App.xaml.cs
..\..\03-GeneratedProjects\Atento.Suite.Shared.FrontEnd.WpfModule\SharedModule.cs
..\..\03-GeneratedProjects\Atento.Suite.Shared.FrontEnd.WpfModule\NavigationRegions\VM\SharedModuleNavigationVM.cs
..\..\03-GeneratedProjects\Atento.Suite.Shared.FrontEnd.WpfModule\NavigationRegions\VM\SharedModuleNavigationVM2.cs
..\..\03-GeneratedProjects\Atento.Suite.Shared.FrontEnd.WpfModule\NavigationRegions\Views\SharedModuleNavigation.xaml
..\..\03-GeneratedProjects\Atento.Suite.Shared.FrontEnd.WpfModule\NavigationRegions\VM\SharedModuleTaskBarVM.cs
..\..\03-GeneratedProjects\Atento.Suite.Shared.FrontEnd.WpfModule\NavigationRegions\VM\SharedModuleRibbonVM.cs
..\..\03-GeneratedProjects\Atento.Suite.Shared.FrontEnd.WpfModule\NavigationRegions\Views\SharedModuleRibbonTab.xaml
..\..\03-GeneratedProjects\Atento.Suite.Shared.FrontEnd.WpfModule\NavigationRegions\Views\SharedModuleRibbonTab.xaml.cs
..\..\03-GeneratedProjects\Atento.Suite.Shared.FrontEnd.WpfModule\NavigationRegions\Views\SharedModuleTaskBarView.xaml
..\..\03-GeneratedProjects\Atento.Suite.Shared.FrontEnd.WpfModule\NavigationRegions\Views\SharedModuleTaskBarView.xaml.cs
..\..\03-GeneratedProjects\Atento.Suite.Shared.FrontEnd.WpfModule\NavigationRegions\Views\SharedModuleNavigation.xaml.cs
..\..\03-GeneratedProjects\Atento.Suite.Shared.FrontEnd.WpfModule\Entities\Views\PersonaQueryView.xaml
..\..\03-GeneratedProjects\Atento.Suite.Shared.FrontEnd.WpfModule\Entities\Views\PersonaQueryView.xaml.cs
..\..\03-GeneratedProjects\Atento.Suite.Shared.FrontEnd.WpfModule\Entities\Views\PersonaView.xaml
..\..\03-GeneratedProjects\Atento.Suite.Shared.FrontEnd.WpfModule\Entities\Views\PersonaView.xaml.cs
..\..\03-GeneratedProjects\Atento.Suite.Shared.FrontEnd.WpfModule\Entities\VM\PersonaQueryViewModel.cs
..\..\03-GeneratedProjects\Atento.Suite.Shared.FrontEnd.WpfModule\Entities\VM\PersonaViewModel.cs
..\..\03-GeneratedProjects\Atento.Suite.Shared.Test.InfrastructureLayer\CreateDatabaseTest001.cs
..\..\03-GeneratedProjects\Atento.Suite.Shared.Test.InfrastructureLayer\App.config
..\..\03-GeneratedProjects\Atento.Suite.Shared.Domain.Data\Enums\Enumeracion.cs
..\..\03-GeneratedProjects\Atento.Suite.Shared.Application.Dtos\EnumsEnumeracion\EnumeracionDto.cs
.\Create05SourceCode.tt.log
